Configuration File Data
Processor = 10 ms/cycle
Monitor = 25 ms/cycle
Hard Drive = 50 ms/cycle
Printer = 500 ms/cycle
Keyboard = 1000 ms/cycle
Memory = 35 ms/cycle
Mouse = 20 ms/cycle
Speaker = 10 ms/cycle
Logged to: Log to Both

Logged to: monitor and output_1.out


Meta-Data Metrics
M(allocate)420 - 420
I(keyboard)6000 - 6000
O(printer)7500 - 7500
P(run)100 - 100
I(hard drive)700 - 700
O(printer)5000 - 5000
P(run)90 - 90
P(run)90 - 90
I(keyboard)5000 - 5000
P(run)140 - 140
O(hard drive)450 - 450
I(keyboard)15000 - 15000
O(hard drive)250 - 250
I(hard drive)600 - 600
O(hard drive)350 - 350
P(run)80 - 80
I(hard drive)600 - 600
O(printer)6000 - 6000
P(run)110 - 110
I(keyboard)10000 - 10000
P(run)100 - 100
O(printer)7500 - 7500
I(keyboard)6000 - 6000
P(run)110 - 110
P(run)140 - 140
O(printer)3000 - 3000
